Apr 15, 2011 1:31:28 PM org.apache.catalina.core.ApplicationContext log
INFO: Set web app root system property: 'ebizcard.root' = [C:\Documents and Settings\kwang108\apache-tomcat-6.0.32\webapps\eBizCard\]
Apr 15, 2011 1:31:28 PM org.apache.catalina.core.ApplicationContext log
INFO: Initializing log4j from [C:\Documents and Settings\kwang108\apache-tomcat-6.0.32\webapps\eBizCard\WEB-INF\resources\log4j-appserver.xml]
Apr 15, 2011 1:31:28 PM org.apache.catalina.core.ApplicationContext log
INFO: Initializing Spring root WebApplicationContext
Apr 15, 2011 1:31:31 PM org.apache.catalina.core.ApplicationContext log
INFO: org.tuckey.web.filters.urlrewrite.UrlRewriteFilter ERROR: unable to find urlrewrite conf file at /WEB-INF/urlrewrite.xml
Apr 15, 2011 1:31:31 PM org.apache.catalina.core.ApplicationContext log
INFO: ContextListener: contextInitialized()
Apr 15, 2011 1:31:31 PM org.apache.catalina.core.ApplicationContext log
INFO: SessionListener: contextInitialized()
Apr 15, 2011 1:45:47 PM org.apache.catalina.core.ApplicationContext log
INFO: Initializing Spring FrameworkServlet 'ebizcard-webapp'
Apr 15, 2011 1:53:19 PM org.apache.catalina.core.ApplicationContext log
INFO: SessionListener: contextDestroyed()
Apr 15, 2011 1:53:19 PM org.apache.catalina.core.ApplicationContext log
INFO: ContextListener: contextDestroyed()
Apr 15, 2011 1:53:19 PM org.apache.catalina.core.ApplicationContext log
INFO: Destroying Spring FrameworkServlet 'ebizcard-webapp'
Apr 15, 2011 1:53:19 PM org.apache.catalina.core.ApplicationContext log
INFO: org.tuckey.web.filters.urlrewrite.UrlRewriteFilter INFO: destroy called
Apr 15, 2011 1:53:19 PM org.apache.catalina.core.ApplicationContext log
INFO: Closing Spring root WebApplicationContext
Apr 15, 2011 1:53:19 PM org.apache.catalina.core.ApplicationContext log
INFO: Shutting down log4j
Apr 15, 2011 1:55:36 PM org.apache.catalina.core.ApplicationContext log
INFO: Set web app root system property: 'ebizcard.root' = [C:\Documents and Settings\kwang108\apache-tomcat-6.0.32\webapps\eBizCard\]
Apr 15, 2011 1:55:36 PM org.apache.catalina.core.ApplicationContext log
INFO: Initializing log4j from [C:\Documents and Settings\kwang108\apache-tomcat-6.0.32\webapps\eBizCard\WEB-INF\resources\log4j-appserver.xml]
Apr 15, 2011 1:55:36 PM org.apache.catalina.core.ApplicationContext log
INFO: Initializing Spring root WebApplicationContext
Apr 15, 2011 1:55:39 PM org.apache.catalina.core.ApplicationContext log
INFO: org.tuckey.web.filters.urlrewrite.UrlRewriteFilter ERROR: unable to find urlrewrite conf file at /WEB-INF/urlrewrite.xml
Apr 15, 2011 1:55:39 PM org.apache.catalina.core.ApplicationContext log
INFO: ContextListener: contextInitialized()
Apr 15, 2011 1:55:39 PM org.apache.catalina.core.ApplicationContext log
INFO: SessionListener: contextInitialized()
Apr 15, 2011 1:55:43 PM org.apache.catalina.core.ApplicationContext log
INFO: Initializing Spring FrameworkServlet 'ebizcard-webapp'
Apr 15, 2011 2:08:19 PM org.apache.catalina.core.ApplicationContext log
INFO: SessionListener: contextDestroyed()
Apr 15, 2011 2:08:19 PM org.apache.catalina.core.ApplicationContext log
INFO: ContextListener: contextDestroyed()
Apr 15, 2011 2:08:19 PM org.apache.catalina.core.ApplicationContext log
INFO: Destroying Spring FrameworkServlet 'ebizcard-webapp'
Apr 15, 2011 2:08:19 PM org.apache.catalina.core.ApplicationContext log
INFO: org.tuckey.web.filters.urlrewrite.UrlRewriteFilter INFO: destroy called
Apr 15, 2011 2:08:19 PM org.apache.catalina.core.ApplicationContext log
INFO: Closing Spring root WebApplicationContext
Apr 15, 2011 2:08:19 PM org.apache.catalina.core.ApplicationContext log
INFO: Shutting down log4j
