Apr 15, 2011 9:50:52 AM org.apache.catalina.core.AprLifecycleListener init
INFO: Loaded APR based Apache Tomcat Native library 1.1.20.
Apr 15, 2011 9:50:52 AM org.apache.catalina.core.AprLifecycleListener init
INFO: APR capabilities: IPv6 [true], sendfile [true], accept filters [false], random [true].
Apr 15, 2011 9:50:53 AM org.apache.coyote.http11.Http11AprProtocol init
SEVERE: Error initializing endpoint
java.lang.Exception: Socket bind failed: [730048] Only one usage of each socket address (protocol/network address/port) is normally permitted.  
	at org.apache.tomcat.util.net.AprEndpoint.init(AprEndpoint.java:649)
	at org.apache.coyote.http11.Http11AprProtocol.init(Http11AprProtocol.java:107)
	at org.apache.catalina.connector.Connector.initialize(Connector.java:1022)
	at org.apache.catalina.core.StandardService.initialize(StandardService.java:703)
	at org.apache.catalina.core.StandardServer.initialize(StandardServer.java:838)
	at org.apache.catalina.startup.Catalina.load(Catalina.java:538)
	at org.apache.catalina.startup.Catalina.load(Catalina.java:562)
	at sun.reflect.NativeMethodAccessorImpl.invoke0(Native Method)
	at sun.reflect.NativeMethodAccessorImpl.invoke(NativeMethodAccessorImpl.java:39)
	at sun.reflect.DelegatingMethodAccessorImpl.invoke(DelegatingMethodAccessorImpl.java:25)
	at java.lang.reflect.Method.invoke(Method.java:597)
	at org.apache.catalina.startup.Bootstrap.load(Bootstrap.java:261)
	at org.apache.catalina.startup.Bootstrap.main(Bootstrap.java:413)
Apr 15, 2011 9:50:53 AM org.apache.catalina.core.StandardService initialize
SEVERE: Failed to initialize connector [Connector[HTTP/1.1-8080]]
LifecycleException:  Protocol handler initialization failed: java.lang.Exception: Socket bind failed: [730048] Only one usage of each socket address (protocol/network address/port) is normally permitted.  
	at org.apache.catalina.connector.Connector.initialize(Connector.java:1024)
	at org.apache.catalina.core.StandardService.initialize(StandardService.java:703)
	at org.apache.catalina.core.StandardServer.initialize(StandardServer.java:838)
	at org.apache.catalina.startup.Catalina.load(Catalina.java:538)
	at org.apache.catalina.startup.Catalina.load(Catalina.java:562)
	at sun.reflect.NativeMethodAccessorImpl.invoke0(Native Method)
	at sun.reflect.NativeMethodAccessorImpl.invoke(NativeMethodAccessorImpl.java:39)
	at sun.reflect.DelegatingMethodAccessorImpl.invoke(DelegatingMethodAccessorImpl.java:25)
	at java.lang.reflect.Method.invoke(Method.java:597)
	at org.apache.catalina.startup.Bootstrap.load(Bootstrap.java:261)
	at org.apache.catalina.startup.Bootstrap.main(Bootstrap.java:413)
Apr 15, 2011 9:50:53 AM org.apache.coyote.ajp.AjpAprProtocol init
INFO: Initializing Coyote AJP/1.3 on ajp-8009
Apr 15, 2011 9:50:53 AM org.apache.catalina.startup.Catalina load
INFO: Initialization processed in 1535 ms
Apr 15, 2011 9:50:53 AM org.apache.catalina.core.StandardService start
INFO: Starting service Catalina
Apr 15, 2011 9:50:53 AM org.apache.catalina.core.StandardEngine start
INFO: Starting Servlet Engine: Apache Tomcat/6.0.32
Apr 15, 2011 9:50:53 AM org.apache.catalina.startup.HostConfig deployDirectory
INFO: Deploying web application directory docs
Apr 15, 2011 9:50:53 AM org.apache.catalina.startup.HostConfig deployDirectory
INFO: Deploying web application directory examples
Apr 15, 2011 9:50:54 AM org.apache.catalina.startup.HostConfig deployDirectory
INFO: Deploying web application directory host-manager
Apr 15, 2011 9:50:54 AM org.apache.catalina.startup.HostConfig deployDirectory
INFO: Deploying web application directory manager
Apr 15, 2011 9:50:54 AM org.apache.catalina.startup.HostConfig deployDirectory
INFO: Deploying web application directory ROOT
Apr 15, 2011 9:50:54 AM org.apache.coyote.http11.Http11AprProtocol start
SEVERE: Error starting endpoint
java.lang.Exception: Socket bind failed: [730048] Only one usage of each socket address (protocol/network address/port) is normally permitted.  
	at org.apache.tomcat.util.net.AprEndpoint.init(AprEndpoint.java:649)
	at org.apache.tomcat.util.net.AprEndpoint.start(AprEndpoint.java:756)
	at org.apache.coyote.http11.Http11AprProtocol.start(Http11AprProtocol.java:137)
	at org.apache.catalina.connector.Connector.start(Connector.java:1095)
	at org.apache.catalina.core.StandardService.start(StandardService.java:540)
	at org.apache.catalina.core.StandardServer.start(StandardServer.java:754)
	at org.apache.catalina.startup.Catalina.start(Catalina.java:595)
	at sun.reflect.NativeMethodAccessorImpl.invoke0(Native Method)
	at sun.reflect.NativeMethodAccessorImpl.invoke(NativeMethodAccessorImpl.java:39)
	at sun.reflect.DelegatingMethodAccessorImpl.invoke(DelegatingMethodAccessorImpl.java:25)
	at java.lang.reflect.Method.invoke(Method.java:597)
	at org.apache.catalina.startup.Bootstrap.start(Bootstrap.java:289)
	at org.apache.catalina.startup.Bootstrap.main(Bootstrap.java:414)
Apr 15, 2011 9:50:54 AM org.apache.catalina.core.StandardService start
SEVERE: Failed to start connector [Connector[HTTP/1.1-8080]]
LifecycleException:  service.getName(): "Catalina";  Protocol handler start failed: java.lang.Exception: Socket bind failed: [730048] Only one usage of each socket address (protocol/network address/port) is normally permitted.  
	at org.apache.catalina.connector.Connector.start(Connector.java:1102)
	at org.apache.catalina.core.StandardService.start(StandardService.java:540)
	at org.apache.catalina.core.StandardServer.start(StandardServer.java:754)
	at org.apache.catalina.startup.Catalina.start(Catalina.java:595)
	at sun.reflect.NativeMethodAccessorImpl.invoke0(Native Method)
	at sun.reflect.NativeMethodAccessorImpl.invoke(NativeMethodAccessorImpl.java:39)
	at sun.reflect.DelegatingMethodAccessorImpl.invoke(DelegatingMethodAccessorImpl.java:25)
	at java.lang.reflect.Method.invoke(Method.java:597)
	at org.apache.catalina.startup.Bootstrap.start(Bootstrap.java:289)
	at org.apache.catalina.startup.Bootstrap.main(Bootstrap.java:414)
Apr 15, 2011 9:50:54 AM org.apache.coyote.ajp.AjpAprProtocol start
INFO: Starting Coyote AJP/1.3 on ajp-8009
Apr 15, 2011 9:50:54 AM org.apache.catalina.startup.Catalina start
INFO: Server startup in 1140 ms
Apr 15, 2011 9:51:57 AM org.apache.coyote.http11.Http11AprProtocol pause
INFO: Pausing Coyote HTTP/1.1 on http-8080
Apr 15, 2011 9:51:57 AM org.apache.coyote.ajp.AjpAprProtocol pause
INFO: Pausing Coyote AJP/1.3 on ajp-8009
Apr 15, 2011 9:51:58 AM org.apache.catalina.core.StandardService stop
INFO: Stopping service Catalina
Apr 15, 2011 9:51:58 AM org.apache.coyote.http11.Http11AprProtocol destroy
INFO: Stopping Coyote HTTP/1.1 on http-8080
Apr 15, 2011 9:51:58 AM org.apache.coyote.ajp.AjpAprProtocol destroy
INFO: Stopping Coyote AJP/1.3 on ajp-8009
Apr 15, 2011 10:18:15 AM org.apache.catalina.core.AprLifecycleListener init
INFO: Loaded APR based Apache Tomcat Native library 1.1.20.
Apr 15, 2011 10:18:15 AM org.apache.catalina.core.AprLifecycleListener init
INFO: APR capabilities: IPv6 [true], sendfile [true], accept filters [false], random [true].
Apr 15, 2011 10:18:16 AM org.apache.coyote.http11.Http11AprProtocol init
INFO: Initializing Coyote HTTP/1.1 on http-22080
Apr 15, 2011 10:18:16 AM org.apache.coyote.ajp.AjpAprProtocol init
INFO: Initializing Coyote AJP/1.3 on ajp-8009
Apr 15, 2011 10:18:16 AM org.apache.catalina.startup.Catalina load
INFO: Initialization processed in 489 ms
Apr 15, 2011 10:18:16 AM org.apache.catalina.core.StandardService start
INFO: Starting service Catalina
Apr 15, 2011 10:18:16 AM org.apache.catalina.core.StandardEngine start
INFO: Starting Servlet Engine: Apache Tomcat/6.0.32
Apr 15, 2011 10:18:16 AM org.apache.catalina.startup.HostConfig deployDescriptor
INFO: Deploying configuration descriptor host-manager.xml
Apr 15, 2011 10:18:16 AM org.apache.catalina.startup.HostConfig deployDescriptor
INFO: Deploying configuration descriptor manager.xml
Apr 15, 2011 10:18:16 AM org.apache.catalina.startup.HostConfig deployDirectory
INFO: Deploying web application directory docs
Apr 15, 2011 10:18:16 AM org.apache.catalina.startup.HostConfig deployDirectory
INFO: Deploying web application directory examples
Apr 15, 2011 10:18:16 AM org.apache.catalina.startup.HostConfig deployDirectory
INFO: Deploying web application directory ROOT
Apr 15, 2011 10:18:16 AM org.apache.coyote.http11.Http11AprProtocol start
INFO: Starting Coyote HTTP/1.1 on http-22080
Apr 15, 2011 10:18:16 AM org.apache.coyote.ajp.AjpAprProtocol start
INFO: Starting Coyote AJP/1.3 on ajp-8009
Apr 15, 2011 10:18:16 AM org.apache.catalina.startup.Catalina start
INFO: Server startup in 324 ms
Apr 15, 2011 10:18:22 AM org.apache.coyote.http11.Http11AprProtocol pause
INFO: Pausing Coyote HTTP/1.1 on http-22080
Apr 15, 2011 10:18:22 AM org.apache.coyote.ajp.AjpAprProtocol pause
INFO: Pausing Coyote AJP/1.3 on ajp-8009
Apr 15, 2011 10:18:23 AM org.apache.catalina.core.StandardService stop
INFO: Stopping service Catalina
Apr 15, 2011 10:18:23 AM org.apache.coyote.http11.Http11AprProtocol destroy
INFO: Stopping Coyote HTTP/1.1 on http-22080
Apr 15, 2011 10:18:23 AM org.apache.coyote.ajp.AjpAprProtocol destroy
INFO: Stopping Coyote AJP/1.3 on ajp-8009
Apr 15, 2011 10:33:46 AM org.apache.catalina.core.AprLifecycleListener init
INFO: Loaded APR based Apache Tomcat Native library 1.1.20.
Apr 15, 2011 10:33:47 AM org.apache.catalina.core.AprLifecycleListener init
INFO: APR capabilities: IPv6 [true], sendfile [true], accept filters [false], random [true].
Apr 15, 2011 10:33:47 AM org.apache.coyote.http11.Http11AprProtocol init
INFO: Initializing Coyote HTTP/1.1 on http-22080
Apr 15, 2011 10:33:47 AM org.apache.coyote.ajp.AjpAprProtocol init
INFO: Initializing Coyote AJP/1.3 on ajp-8009
Apr 15, 2011 10:33:47 AM org.apache.catalina.startup.Catalina load
INFO: Initialization processed in 506 ms
Apr 15, 2011 10:33:47 AM org.apache.catalina.core.StandardService start
INFO: Starting service Catalina
Apr 15, 2011 10:33:47 AM org.apache.catalina.core.StandardEngine start
INFO: Starting Servlet Engine: Apache Tomcat/6.0.32
Apr 15, 2011 10:33:47 AM org.apache.catalina.startup.HostConfig deployDescriptor
INFO: Deploying configuration descriptor host-manager.xml
Apr 15, 2011 10:33:47 AM org.apache.catalina.startup.HostConfig deployDescriptor
INFO: Deploying configuration descriptor manager.xml
Apr 15, 2011 10:33:47 AM org.apache.catalina.startup.HostConfig deployDirectory
INFO: Deploying web application directory docs
Apr 15, 2011 10:33:47 AM org.apache.catalina.startup.HostConfig deployDirectory
INFO: Deploying web application directory eBizCard
Apr 15, 2011 10:33:47 AM org.apache.catalina.startup.HostConfig deployDirectory
INFO: Deploying web application directory examples
Apr 15, 2011 10:33:47 AM org.apache.catalina.startup.HostConfig deployDirectory
INFO: Deploying web application directory ROOT
Apr 15, 2011 10:33:47 AM org.apache.coyote.http11.Http11AprProtocol start
INFO: Starting Coyote HTTP/1.1 on http-22080
Apr 15, 2011 10:33:47 AM org.apache.coyote.ajp.AjpAprProtocol start
INFO: Starting Coyote AJP/1.3 on ajp-8009
Apr 15, 2011 10:33:47 AM org.apache.catalina.startup.Catalina start
INFO: Server startup in 339 ms
Apr 15, 2011 10:36:03 AM org.apache.coyote.http11.Http11AprProtocol pause
INFO: Pausing Coyote HTTP/1.1 on http-22080
Apr 15, 2011 10:36:03 AM org.apache.coyote.ajp.AjpAprProtocol pause
INFO: Pausing Coyote AJP/1.3 on ajp-8009
Apr 15, 2011 10:36:04 AM org.apache.catalina.core.StandardService stop
INFO: Stopping service Catalina
Apr 15, 2011 10:36:04 AM org.apache.coyote.http11.Http11AprProtocol destroy
INFO: Stopping Coyote HTTP/1.1 on http-22080
Apr 15, 2011 10:36:04 AM org.apache.coyote.ajp.AjpAprProtocol destroy
INFO: Stopping Coyote AJP/1.3 on ajp-8009
Apr 15, 2011 10:36:16 AM org.apache.catalina.core.AprLifecycleListener init
INFO: Loaded APR based Apache Tomcat Native library 1.1.20.
Apr 15, 2011 10:36:16 AM org.apache.catalina.core.AprLifecycleListener init
INFO: APR capabilities: IPv6 [true], sendfile [true], accept filters [false], random [true].
Apr 15, 2011 10:36:16 AM org.apache.coyote.http11.Http11AprProtocol init
INFO: Initializing Coyote HTTP/1.1 on http-22080
Apr 15, 2011 10:36:16 AM org.apache.coyote.ajp.AjpAprProtocol init
INFO: Initializing Coyote AJP/1.3 on ajp-8009
Apr 15, 2011 10:36:16 AM org.apache.catalina.startup.Catalina load
INFO: Initialization processed in 532 ms
Apr 15, 2011 10:36:16 AM org.apache.catalina.core.StandardService start
INFO: Starting service Catalina
Apr 15, 2011 10:36:16 AM org.apache.catalina.core.StandardEngine start
INFO: Starting Servlet Engine: Apache Tomcat/6.0.32
Apr 15, 2011 10:36:16 AM org.apache.catalina.startup.HostConfig deployDescriptor
INFO: Deploying configuration descriptor host-manager.xml
Apr 15, 2011 10:36:16 AM org.apache.catalina.startup.HostConfig deployDescriptor
INFO: Deploying configuration descriptor manager.xml
Apr 15, 2011 10:36:16 AM org.apache.catalina.startup.HostConfig deployDirectory
INFO: Deploying web application directory docs
Apr 15, 2011 10:36:16 AM org.apache.catalina.startup.HostConfig deployDirectory
INFO: Deploying web application directory eBizCard
Apr 15, 2011 10:36:16 AM org.apache.catalina.startup.HostConfig deployDirectory
INFO: Deploying web application directory examples
Apr 15, 2011 10:36:17 AM org.apache.catalina.startup.HostConfig deployDirectory
INFO: Deploying web application directory ROOT
Apr 15, 2011 10:36:17 AM org.apache.coyote.http11.Http11AprProtocol start
INFO: Starting Coyote HTTP/1.1 on http-22080
Apr 15, 2011 10:36:17 AM org.apache.coyote.ajp.AjpAprProtocol start
INFO: Starting Coyote AJP/1.3 on ajp-8009
Apr 15, 2011 10:36:17 AM org.apache.catalina.startup.Catalina start
INFO: Server startup in 338 ms
Apr 15, 2011 10:39:13 AM org.apache.coyote.http11.Http11AprProtocol pause
INFO: Pausing Coyote HTTP/1.1 on http-22080
Apr 15, 2011 10:39:13 AM org.apache.coyote.ajp.AjpAprProtocol pause
INFO: Pausing Coyote AJP/1.3 on ajp-8009
Apr 15, 2011 10:39:14 AM org.apache.catalina.core.StandardService stop
INFO: Stopping service Catalina
Apr 15, 2011 10:39:14 AM org.apache.coyote.http11.Http11AprProtocol destroy
INFO: Stopping Coyote HTTP/1.1 on http-22080
Apr 15, 2011 10:39:14 AM org.apache.coyote.ajp.AjpAprProtocol destroy
INFO: Stopping Coyote AJP/1.3 on ajp-8009
Apr 15, 2011 10:41:15 AM org.apache.catalina.core.AprLifecycleListener init
INFO: Loaded APR based Apache Tomcat Native library 1.1.20.
Apr 15, 2011 10:41:15 AM org.apache.catalina.core.AprLifecycleListener init
INFO: APR capabilities: IPv6 [true], sendfile [true], accept filters [false], random [true].
Apr 15, 2011 10:41:16 AM org.apache.coyote.http11.Http11AprProtocol init
INFO: Initializing Coyote HTTP/1.1 on http-22080
Apr 15, 2011 10:41:16 AM org.apache.coyote.ajp.AjpAprProtocol init
INFO: Initializing Coyote AJP/1.3 on ajp-8009
Apr 15, 2011 10:41:16 AM org.apache.catalina.startup.Catalina load
INFO: Initialization processed in 462 ms
Apr 15, 2011 10:41:16 AM org.apache.catalina.core.StandardService start
INFO: Starting service Catalina
Apr 15, 2011 10:41:16 AM org.apache.catalina.core.StandardEngine start
INFO: Starting Servlet Engine: Apache Tomcat/6.0.32
Apr 15, 2011 10:41:16 AM org.apache.catalina.startup.HostConfig deployDescriptor
INFO: Deploying configuration descriptor host-manager.xml
Apr 15, 2011 10:41:16 AM org.apache.catalina.startup.HostConfig deployDescriptor
INFO: Deploying configuration descriptor manager.xml
Apr 15, 2011 10:41:16 AM org.apache.catalina.startup.HostConfig deployDirectory
INFO: Deploying web application directory docs
Apr 15, 2011 10:41:16 AM org.apache.catalina.startup.HostConfig deployDirectory
INFO: Deploying web application directory eBizCard
Apr 15, 2011 10:41:16 AM org.apache.catalina.startup.HostConfig deployDirectory
INFO: Deploying web application directory examples
Apr 15, 2011 10:41:16 AM org.apache.catalina.startup.HostConfig deployDirectory
INFO: Deploying web application directory ROOT
Apr 15, 2011 10:41:16 AM org.apache.coyote.http11.Http11AprProtocol start
INFO: Starting Coyote HTTP/1.1 on http-22080
Apr 15, 2011 10:41:16 AM org.apache.coyote.ajp.AjpAprProtocol start
INFO: Starting Coyote AJP/1.3 on ajp-8009
Apr 15, 2011 10:41:16 AM org.apache.catalina.startup.Catalina start
INFO: Server startup in 335 ms
Apr 15, 2011 10:47:56 AM org.apache.catalina.startup.HostConfig checkResources
INFO: Reloading context [/eBizCard]
Apr 15, 2011 10:47:56 AM org.apache.catalina.core.StandardContext start
SEVERE: Error listenerStart
Apr 15, 2011 10:47:56 AM org.apache.catalina.core.StandardContext start
SEVERE: Context [/eBizCard] startup failed due to previous errors
Apr 15, 2011 10:50:50 AM org.apache.coyote.http11.Http11AprProtocol pause
INFO: Pausing Coyote HTTP/1.1 on http-22080
Apr 15, 2011 10:50:50 AM org.apache.coyote.ajp.AjpAprProtocol pause
INFO: Pausing Coyote AJP/1.3 on ajp-8009
Apr 15, 2011 10:50:51 AM org.apache.catalina.core.StandardService stop
INFO: Stopping service Catalina
Apr 15, 2011 10:50:51 AM org.apache.coyote.http11.Http11AprProtocol destroy
INFO: Stopping Coyote HTTP/1.1 on http-22080
Apr 15, 2011 10:50:51 AM org.apache.coyote.ajp.AjpAprProtocol destroy
INFO: Stopping Coyote AJP/1.3 on ajp-8009
Apr 15, 2011 10:50:56 AM org.apache.catalina.core.AprLifecycleListener init
INFO: Loaded APR based Apache Tomcat Native library 1.1.20.
Apr 15, 2011 10:50:56 AM org.apache.catalina.core.AprLifecycleListener init
INFO: APR capabilities: IPv6 [true], sendfile [true], accept filters [false], random [true].
Apr 15, 2011 10:50:56 AM org.apache.coyote.http11.Http11AprProtocol init
INFO: Initializing Coyote HTTP/1.1 on http-22080
Apr 15, 2011 10:50:56 AM org.apache.coyote.ajp.AjpAprProtocol init
INFO: Initializing Coyote AJP/1.3 on ajp-8009
Apr 15, 2011 10:50:56 AM org.apache.catalina.startup.Catalina load
INFO: Initialization processed in 483 ms
Apr 15, 2011 10:50:56 AM org.apache.catalina.core.StandardService start
INFO: Starting service Catalina
Apr 15, 2011 10:50:56 AM org.apache.catalina.core.StandardEngine start
INFO: Starting Servlet Engine: Apache Tomcat/6.0.32
Apr 15, 2011 10:50:56 AM org.apache.catalina.startup.HostConfig deployDescriptor
INFO: Deploying configuration descriptor host-manager.xml
Apr 15, 2011 10:50:56 AM org.apache.catalina.startup.HostConfig deployDescriptor
INFO: Deploying configuration descriptor manager.xml
Apr 15, 2011 10:50:56 AM org.apache.catalina.startup.HostConfig deployDirectory
INFO: Deploying web application directory docs
Apr 15, 2011 10:50:56 AM org.apache.catalina.startup.HostConfig deployDirectory
INFO: Deploying web application directory eBizCard
Apr 15, 2011 10:50:56 AM org.apache.catalina.core.StandardContext start
SEVERE: Error listenerStart
Apr 15, 2011 10:50:56 AM org.apache.catalina.core.StandardContext start
SEVERE: Context [/eBizCard] startup failed due to previous errors
Apr 15, 2011 10:50:56 AM org.apache.catalina.startup.HostConfig deployDirectory
INFO: Deploying web application directory examples
Apr 15, 2011 10:50:57 AM org.apache.catalina.startup.HostConfig deployDirectory
INFO: Deploying web application directory ROOT
Apr 15, 2011 10:50:57 AM org.apache.coyote.http11.Http11AprProtocol start
INFO: Starting Coyote HTTP/1.1 on http-22080
Apr 15, 2011 10:50:57 AM org.apache.coyote.ajp.AjpAprProtocol start
INFO: Starting Coyote AJP/1.3 on ajp-8009
Apr 15, 2011 10:50:57 AM org.apache.catalina.startup.Catalina start
INFO: Server startup in 349 ms
Apr 15, 2011 11:00:56 AM org.apache.coyote.http11.Http11AprProtocol pause
INFO: Pausing Coyote HTTP/1.1 on http-22080
Apr 15, 2011 11:00:56 AM org.apache.coyote.ajp.AjpAprProtocol pause
INFO: Pausing Coyote AJP/1.3 on ajp-8009
Apr 15, 2011 11:00:57 AM org.apache.catalina.core.StandardService stop
INFO: Stopping service Catalina
Apr 15, 2011 11:00:57 AM org.apache.coyote.http11.Http11AprProtocol destroy
INFO: Stopping Coyote HTTP/1.1 on http-22080
Apr 15, 2011 11:00:57 AM org.apache.coyote.ajp.AjpAprProtocol destroy
INFO: Stopping Coyote AJP/1.3 on ajp-8009
Apr 15, 2011 11:01:01 AM org.apache.catalina.core.AprLifecycleListener init
INFO: Loaded APR based Apache Tomcat Native library 1.1.20.
Apr 15, 2011 11:01:01 AM org.apache.catalina.core.AprLifecycleListener init
INFO: APR capabilities: IPv6 [true], sendfile [true], accept filters [false], random [true].
Apr 15, 2011 11:01:01 AM org.apache.coyote.http11.Http11AprProtocol init
INFO: Initializing Coyote HTTP/1.1 on http-22080
Apr 15, 2011 11:01:01 AM org.apache.coyote.ajp.AjpAprProtocol init
INFO: Initializing Coyote AJP/1.3 on ajp-8009
Apr 15, 2011 11:01:01 AM org.apache.catalina.startup.Catalina load
INFO: Initialization processed in 458 ms
Apr 15, 2011 11:01:01 AM org.apache.catalina.core.StandardService start
INFO: Starting service Catalina
Apr 15, 2011 11:01:01 AM org.apache.catalina.core.StandardEngine start
INFO: Starting Servlet Engine: Apache Tomcat/6.0.32
Apr 15, 2011 11:01:01 AM org.apache.catalina.startup.HostConfig deployDescriptor
INFO: Deploying configuration descriptor host-manager.xml
Apr 15, 2011 11:01:01 AM org.apache.catalina.startup.HostConfig deployDescriptor
INFO: Deploying configuration descriptor manager.xml
Apr 15, 2011 11:01:01 AM org.apache.catalina.startup.HostConfig deployDirectory
INFO: Deploying web application directory docs
Apr 15, 2011 11:01:01 AM org.apache.catalina.startup.HostConfig deployDirectory
INFO: Deploying web application directory eBizCard
Apr 15, 2011 11:01:01 AM org.apache.catalina.core.StandardContext start
SEVERE: Error listenerStart
Apr 15, 2011 11:01:01 AM org.apache.catalina.core.StandardContext start
SEVERE: Context [/eBizCard] startup failed due to previous errors
Apr 15, 2011 11:01:01 AM org.apache.catalina.startup.HostConfig deployDirectory
INFO: Deploying web application directory examples
Apr 15, 2011 11:01:01 AM org.apache.catalina.startup.HostConfig deployDirectory
INFO: Deploying web application directory ROOT
Apr 15, 2011 11:01:01 AM org.apache.coyote.http11.Http11AprProtocol start
INFO: Starting Coyote HTTP/1.1 on http-22080
Apr 15, 2011 11:01:02 AM org.apache.coyote.ajp.AjpAprProtocol start
INFO: Starting Coyote AJP/1.3 on ajp-8009
Apr 15, 2011 11:01:02 AM org.apache.catalina.startup.Catalina start
INFO: Server startup in 350 ms
Apr 15, 2011 11:06:45 AM org.apache.coyote.http11.Http11AprProtocol pause
INFO: Pausing Coyote HTTP/1.1 on http-22080
Apr 15, 2011 11:06:45 AM org.apache.coyote.ajp.AjpAprProtocol pause
INFO: Pausing Coyote AJP/1.3 on ajp-8009
Apr 15, 2011 11:06:46 AM org.apache.catalina.core.StandardService stop
INFO: Stopping service Catalina
Apr 15, 2011 11:06:46 AM org.apache.coyote.http11.Http11AprProtocol destroy
INFO: Stopping Coyote HTTP/1.1 on http-22080
Apr 15, 2011 11:06:46 AM org.apache.coyote.ajp.AjpAprProtocol destroy
INFO: Stopping Coyote AJP/1.3 on ajp-8009
Apr 15, 2011 11:06:54 AM org.apache.catalina.core.AprLifecycleListener init
INFO: Loaded APR based Apache Tomcat Native library 1.1.20.
Apr 15, 2011 11:06:54 AM org.apache.catalina.core.AprLifecycleListener init
INFO: APR capabilities: IPv6 [true], sendfile [true], accept filters [false], random [true].
Apr 15, 2011 11:06:54 AM org.apache.coyote.http11.Http11AprProtocol init
INFO: Initializing Coyote HTTP/1.1 on http-22080
Apr 15, 2011 11:06:54 AM org.apache.coyote.ajp.AjpAprProtocol init
INFO: Initializing Coyote AJP/1.3 on ajp-8009
Apr 15, 2011 11:06:54 AM org.apache.catalina.startup.Catalina load
INFO: Initialization processed in 456 ms
Apr 15, 2011 11:06:54 AM org.apache.catalina.core.StandardService start
INFO: Starting service Catalina
Apr 15, 2011 11:06:54 AM org.apache.catalina.core.StandardEngine start
INFO: Starting Servlet Engine: Apache Tomcat/6.0.32
Apr 15, 2011 11:06:54 AM org.apache.catalina.startup.HostConfig deployDescriptor
INFO: Deploying configuration descriptor host-manager.xml
Apr 15, 2011 11:06:54 AM org.apache.catalina.startup.HostConfig deployDescriptor
INFO: Deploying configuration descriptor manager.xml
Apr 15, 2011 11:06:54 AM org.apache.catalina.startup.HostConfig deployDirectory
INFO: Deploying web application directory docs
Apr 15, 2011 11:06:54 AM org.apache.catalina.startup.HostConfig deployDirectory
INFO: Deploying web application directory eBizCard
Apr 15, 2011 11:06:54 AM org.apache.catalina.core.StandardContext start
SEVERE: Error listenerStart
Apr 15, 2011 11:06:54 AM org.apache.catalina.core.StandardContext start
SEVERE: Context [/eBizCard] startup failed due to previous errors
Apr 15, 2011 11:06:54 AM org.apache.catalina.startup.HostConfig deployDirectory
INFO: Deploying web application directory examples
Apr 15, 2011 11:06:54 AM org.apache.catalina.startup.HostConfig deployDirectory
INFO: Deploying web application directory ROOT
Apr 15, 2011 11:06:54 AM org.apache.coyote.http11.Http11AprProtocol start
INFO: Starting Coyote HTTP/1.1 on http-22080
Apr 15, 2011 11:06:54 AM org.apache.coyote.ajp.AjpAprProtocol start
INFO: Starting Coyote AJP/1.3 on ajp-8009
Apr 15, 2011 11:06:54 AM org.apache.catalina.startup.Catalina start
INFO: Server startup in 351 ms
Apr 15, 2011 11:09:09 AM org.apache.coyote.http11.Http11AprProtocol pause
INFO: Pausing Coyote HTTP/1.1 on http-22080
Apr 15, 2011 11:09:09 AM org.apache.coyote.ajp.AjpAprProtocol pause
INFO: Pausing Coyote AJP/1.3 on ajp-8009
Apr 15, 2011 11:09:10 AM org.apache.catalina.core.StandardService stop
INFO: Stopping service Catalina
Apr 15, 2011 11:09:10 AM org.apache.coyote.http11.Http11AprProtocol destroy
INFO: Stopping Coyote HTTP/1.1 on http-22080
Apr 15, 2011 11:09:10 AM org.apache.coyote.ajp.AjpAprProtocol destroy
INFO: Stopping Coyote AJP/1.3 on ajp-8009
Apr 15, 2011 11:21:47 AM org.apache.catalina.core.AprLifecycleListener init
INFO: Loaded APR based Apache Tomcat Native library 1.1.20.
Apr 15, 2011 11:21:47 AM org.apache.catalina.core.AprLifecycleListener init
INFO: APR capabilities: IPv6 [true], sendfile [true], accept filters [false], random [true].
Apr 15, 2011 11:21:48 AM org.apache.coyote.http11.Http11AprProtocol init
INFO: Initializing Coyote HTTP/1.1 on http-22080
Apr 15, 2011 11:21:48 AM org.apache.coyote.ajp.AjpAprProtocol init
INFO: Initializing Coyote AJP/1.3 on ajp-8009
Apr 15, 2011 11:21:48 AM org.apache.catalina.startup.Catalina load
INFO: Initialization processed in 464 ms
Apr 15, 2011 11:21:48 AM org.apache.catalina.core.StandardService start
INFO: Starting service Catalina
Apr 15, 2011 11:21:48 AM org.apache.catalina.core.StandardEngine start
INFO: Starting Servlet Engine: Apache Tomcat/6.0.32
Apr 15, 2011 11:21:48 AM org.apache.catalina.startup.HostConfig deployDescriptor
INFO: Deploying configuration descriptor host-manager.xml
Apr 15, 2011 11:21:48 AM org.apache.catalina.startup.HostConfig deployDescriptor
INFO: Deploying configuration descriptor manager.xml
Apr 15, 2011 11:21:48 AM org.apache.catalina.startup.HostConfig deployDirectory
INFO: Deploying web application directory docs
Apr 15, 2011 11:21:48 AM org.apache.catalina.startup.HostConfig deployDirectory
INFO: Deploying web application directory eBizCard
Apr 15, 2011 11:21:48 AM org.apache.catalina.loader.WebappClassLoader validateJarFile
INFO: validateJarFile(C:\Documents and Settings\kwang108\apache-tomcat-6.0.32\webapps\eBizCard\WEB-INF\lib\geronimo-servlet_2.5_spec-1.2.jar) - jar not loaded. See Servlet Spec 2.3, section 9.7.2. Offending class: javax/servlet/Servlet.class
Apr 15, 2011 11:21:49 AM org.apache.catalina.core.StandardContext start
SEVERE: Error listenerStart
Apr 15, 2011 11:21:49 AM org.apache.catalina.core.StandardContext start
SEVERE: Context [/eBizCard] startup failed due to previous errors
Apr 15, 2011 11:21:50 AM org.apache.catalina.loader.WebappClassLoader clearReferencesJdbc
SEVERE: The web application [/eBizCard] registered the JDBC driver [com.mysql.jdbc.Driver] but failed to unregister it when the web application was stopped. To prevent a memory leak, the JDBC Driver has been forcibly unregistered.
Apr 15, 2011 11:21:50 AM org.apache.catalina.loader.WebappClassLoader clearReferencesJdbc
SEVERE: The web application [/eBizCard] registered the JDBC driver [oracle.jdbc.OracleDriver] but failed to unregister it when the web application was stopped. To prevent a memory leak, the JDBC Driver has been forcibly unregistered.
Apr 15, 2011 11:21:50 AM org.apache.catalina.startup.HostConfig deployDirectory
INFO: Deploying web application directory examples
Apr 15, 2011 11:21:50 AM org.apache.catalina.startup.HostConfig deployDirectory
INFO: Deploying web application directory ROOT
Apr 15, 2011 11:21:50 AM org.apache.coyote.http11.Http11AprProtocol start
INFO: Starting Coyote HTTP/1.1 on http-22080
Apr 15, 2011 11:21:50 AM org.apache.coyote.ajp.AjpAprProtocol start
INFO: Starting Coyote AJP/1.3 on ajp-8009
Apr 15, 2011 11:21:50 AM org.apache.catalina.startup.Catalina start
INFO: Server startup in 1991 ms
Apr 15, 2011 11:22:15 AM org.apache.coyote.http11.Http11AprProtocol pause
INFO: Pausing Coyote HTTP/1.1 on http-22080
Apr 15, 2011 11:22:15 AM org.apache.coyote.ajp.AjpAprProtocol pause
INFO: Pausing Coyote AJP/1.3 on ajp-8009
Apr 15, 2011 11:22:16 AM org.apache.catalina.core.StandardService stop
INFO: Stopping service Catalina
Apr 15, 2011 11:22:16 AM org.apache.coyote.http11.Http11AprProtocol destroy
INFO: Stopping Coyote HTTP/1.1 on http-22080
Apr 15, 2011 11:22:16 AM org.apache.coyote.ajp.AjpAprProtocol destroy
INFO: Stopping Coyote AJP/1.3 on ajp-8009
Apr 15, 2011 11:26:19 AM org.apache.catalina.core.AprLifecycleListener init
INFO: Loaded APR based Apache Tomcat Native library 1.1.20.
Apr 15, 2011 11:26:19 AM org.apache.catalina.core.AprLifecycleListener init
INFO: APR capabilities: IPv6 [true], sendfile [true], accept filters [false], random [true].
Apr 15, 2011 11:26:19 AM org.apache.coyote.http11.Http11AprProtocol init
INFO: Initializing Coyote HTTP/1.1 on http-22080
Apr 15, 2011 11:26:19 AM org.apache.coyote.ajp.AjpAprProtocol init
INFO: Initializing Coyote AJP/1.3 on ajp-8009
Apr 15, 2011 11:26:19 AM org.apache.catalina.startup.Catalina load
INFO: Initialization processed in 471 ms
Apr 15, 2011 11:26:19 AM org.apache.catalina.core.StandardService start
INFO: Starting service Catalina
Apr 15, 2011 11:26:19 AM org.apache.catalina.core.StandardEngine start
INFO: Starting Servlet Engine: Apache Tomcat/6.0.32
Apr 15, 2011 11:26:19 AM org.apache.catalina.startup.HostConfig deployDescriptor
INFO: Deploying configuration descriptor host-manager.xml
Apr 15, 2011 11:26:19 AM org.apache.catalina.startup.HostConfig deployDescriptor
INFO: Deploying configuration descriptor manager.xml
Apr 15, 2011 11:26:19 AM org.apache.catalina.startup.HostConfig deployDirectory
INFO: Deploying web application directory docs
Apr 15, 2011 11:26:19 AM org.apache.catalina.startup.HostConfig deployDirectory
INFO: Deploying web application directory eBizCard
Apr 15, 2011 11:26:20 AM org.apache.catalina.loader.WebappClassLoader validateJarFile
INFO: validateJarFile(C:\Documents and Settings\kwang108\apache-tomcat-6.0.32\webapps\eBizCard\WEB-INF\lib\geronimo-servlet_2.5_spec-1.2.jar) - jar not loaded. See Servlet Spec 2.3, section 9.7.2. Offending class: javax/servlet/Servlet.class
Apr 15, 2011 11:26:21 AM org.apache.catalina.core.StandardContext start
SEVERE: Error listenerStart
Apr 15, 2011 11:26:21 AM org.apache.catalina.core.StandardContext start
SEVERE: Context [/eBizCard] startup failed due to previous errors
Apr 15, 2011 11:26:21 AM org.apache.catalina.loader.WebappClassLoader clearReferencesJdbc
SEVERE: The web application [/eBizCard] registered the JDBC driver [com.mysql.jdbc.Driver] but failed to unregister it when the web application was stopped. To prevent a memory leak, the JDBC Driver has been forcibly unregistered.
Apr 15, 2011 11:26:21 AM org.apache.catalina.loader.WebappClassLoader clearReferencesJdbc
SEVERE: The web application [/eBizCard] registered the JDBC driver [oracle.jdbc.OracleDriver] but failed to unregister it when the web application was stopped. To prevent a memory leak, the JDBC Driver has been forcibly unregistered.
Apr 15, 2011 11:26:21 AM org.apache.catalina.startup.HostConfig deployDirectory
INFO: Deploying web application directory examples
Apr 15, 2011 11:26:21 AM org.apache.catalina.startup.HostConfig deployDirectory
INFO: Deploying web application directory ROOT
Apr 15, 2011 11:26:21 AM org.apache.coyote.http11.Http11AprProtocol start
INFO: Starting Coyote HTTP/1.1 on http-22080
Apr 15, 2011 11:26:21 AM org.apache.coyote.ajp.AjpAprProtocol start
INFO: Starting Coyote AJP/1.3 on ajp-8009
Apr 15, 2011 11:26:21 AM org.apache.catalina.startup.Catalina start
INFO: Server startup in 1871 ms
Apr 15, 2011 12:13:45 PM org.apache.coyote.http11.Http11AprProtocol pause
INFO: Pausing Coyote HTTP/1.1 on http-22080
Apr 15, 2011 12:13:45 PM org.apache.coyote.ajp.AjpAprProtocol pause
INFO: Pausing Coyote AJP/1.3 on ajp-8009
Apr 15, 2011 12:13:46 PM org.apache.catalina.core.StandardService stop
INFO: Stopping service Catalina
Apr 15, 2011 12:13:46 PM org.apache.coyote.http11.Http11AprProtocol destroy
INFO: Stopping Coyote HTTP/1.1 on http-22080
Apr 15, 2011 12:13:46 PM org.apache.coyote.ajp.AjpAprProtocol destroy
INFO: Stopping Coyote AJP/1.3 on ajp-8009
Apr 15, 2011 1:07:49 PM org.apache.catalina.core.AprLifecycleListener init
INFO: Loaded APR based Apache Tomcat Native library 1.1.20.
Apr 15, 2011 1:07:49 PM org.apache.catalina.core.AprLifecycleListener init
INFO: APR capabilities: IPv6 [true], sendfile [true], accept filters [false], random [true].
Apr 15, 2011 1:07:50 PM org.apache.coyote.http11.Http11AprProtocol init
INFO: Initializing Coyote HTTP/1.1 on http-22080
Apr 15, 2011 1:07:50 PM org.apache.coyote.ajp.AjpAprProtocol init
INFO: Initializing Coyote AJP/1.3 on ajp-8009
Apr 15, 2011 1:07:50 PM org.apache.catalina.startup.Catalina load
INFO: Initialization processed in 469 ms
Apr 15, 2011 1:07:50 PM org.apache.catalina.core.StandardService start
INFO: Starting service Catalina
Apr 15, 2011 1:07:50 PM org.apache.catalina.core.StandardEngine start
INFO: Starting Servlet Engine: Apache Tomcat/6.0.32
Apr 15, 2011 1:07:50 PM org.apache.catalina.startup.HostConfig deployDescriptor
INFO: Deploying configuration descriptor host-manager.xml
Apr 15, 2011 1:07:50 PM org.apache.catalina.startup.HostConfig deployDescriptor
INFO: Deploying configuration descriptor manager.xml
Apr 15, 2011 1:07:50 PM org.apache.catalina.startup.HostConfig deployDirectory
INFO: Deploying web application directory docs
Apr 15, 2011 1:07:50 PM org.apache.catalina.startup.HostConfig deployDirectory
INFO: Deploying web application directory eBizCard
Apr 15, 2011 1:07:50 PM org.apache.catalina.loader.WebappClassLoader validateJarFile
INFO: validateJarFile(C:\Documents and Settings\kwang108\apache-tomcat-6.0.32\webapps\eBizCard\WEB-INF\lib\geronimo-servlet_2.5_spec-1.2.jar) - jar not loaded. See Servlet Spec 2.3, section 9.7.2. Offending class: javax/servlet/Servlet.class
Apr 15, 2011 1:07:52 PM org.apache.catalina.core.StandardContext start
SEVERE: Error listenerStart
Apr 15, 2011 1:07:52 PM org.apache.catalina.core.StandardContext start
SEVERE: Context [/eBizCard] startup failed due to previous errors
Apr 15, 2011 1:07:52 PM org.apache.catalina.loader.WebappClassLoader clearReferencesJdbc
SEVERE: The web application [/eBizCard] registered the JDBC driver [com.mysql.jdbc.Driver] but failed to unregister it when the web application was stopped. To prevent a memory leak, the JDBC Driver has been forcibly unregistered.
Apr 15, 2011 1:07:52 PM org.apache.catalina.loader.WebappClassLoader clearReferencesJdbc
SEVERE: The web application [/eBizCard] registered the JDBC driver [oracle.jdbc.OracleDriver] but failed to unregister it when the web application was stopped. To prevent a memory leak, the JDBC Driver has been forcibly unregistered.
Apr 15, 2011 1:07:52 PM org.apache.catalina.loader.WebappClassLoader clearThreadLocalMap
SEVERE: The web application [/eBizCard] created a ThreadLocal with key of type [java.lang.ThreadLocal] (value [java.lang.ThreadLocal@15ad1da]) and a value of type [org.apache.cxf.bus.CXFBusImpl] (value [org.apache.cxf.bus.CXFBusImpl@14b2f1a]) but failed to remove it when the web application was stopped. This is very likely to create a memory leak.
Apr 15, 2011 1:07:53 PM org.apache.catalina.startup.HostConfig deployDirectory
INFO: Deploying web application directory examples
Apr 15, 2011 1:07:53 PM org.apache.catalina.startup.HostConfig deployDirectory
INFO: Deploying web application directory ROOT
Apr 15, 2011 1:07:53 PM org.apache.coyote.http11.Http11AprProtocol start
INFO: Starting Coyote HTTP/1.1 on http-22080
Apr 15, 2011 1:07:53 PM org.apache.coyote.ajp.AjpAprProtocol start
INFO: Starting Coyote AJP/1.3 on ajp-8009
Apr 15, 2011 1:07:53 PM org.apache.catalina.startup.Catalina start
INFO: Server startup in 3023 ms
Apr 15, 2011 1:09:04 PM org.apache.coyote.http11.Http11AprProtocol pause
INFO: Pausing Coyote HTTP/1.1 on http-22080
Apr 15, 2011 1:09:04 PM org.apache.coyote.ajp.AjpAprProtocol pause
INFO: Pausing Coyote AJP/1.3 on ajp-8009
Apr 15, 2011 1:09:05 PM org.apache.catalina.core.StandardService stop
INFO: Stopping service Catalina
Apr 15, 2011 1:09:05 PM org.apache.coyote.http11.Http11AprProtocol destroy
INFO: Stopping Coyote HTTP/1.1 on http-22080
Apr 15, 2011 1:09:05 PM org.apache.coyote.ajp.AjpAprProtocol destroy
INFO: Stopping Coyote AJP/1.3 on ajp-8009
Apr 15, 2011 1:10:46 PM org.apache.catalina.core.AprLifecycleListener init
INFO: Loaded APR based Apache Tomcat Native library 1.1.20.
Apr 15, 2011 1:10:46 PM org.apache.catalina.core.AprLifecycleListener init
INFO: APR capabilities: IPv6 [true], sendfile [true], accept filters [false], random [true].
Apr 15, 2011 1:10:46 PM org.apache.coyote.http11.Http11AprProtocol init
INFO: Initializing Coyote HTTP/1.1 on http-22080
Apr 15, 2011 1:10:46 PM org.apache.coyote.ajp.AjpAprProtocol init
INFO: Initializing Coyote AJP/1.3 on ajp-8009
Apr 15, 2011 1:10:46 PM org.apache.catalina.startup.Catalina load
INFO: Initialization processed in 533 ms
Apr 15, 2011 1:10:46 PM org.apache.catalina.core.StandardService start
INFO: Starting service Catalina
Apr 15, 2011 1:10:46 PM org.apache.catalina.core.StandardEngine start
INFO: Starting Servlet Engine: Apache Tomcat/6.0.32
Apr 15, 2011 1:10:46 PM org.apache.catalina.startup.HostConfig deployDescriptor
INFO: Deploying configuration descriptor host-manager.xml
Apr 15, 2011 1:10:46 PM org.apache.catalina.startup.HostConfig deployDescriptor
INFO: Deploying configuration descriptor manager.xml
Apr 15, 2011 1:10:46 PM org.apache.catalina.startup.HostConfig deployDirectory
INFO: Deploying web application directory docs
Apr 15, 2011 1:10:46 PM org.apache.catalina.startup.HostConfig deployDirectory
INFO: Deploying web application directory eBizCard
Apr 15, 2011 1:10:47 PM org.apache.catalina.loader.WebappClassLoader validateJarFile
INFO: validateJarFile(C:\Documents and Settings\kwang108\apache-tomcat-6.0.32\webapps\eBizCard\WEB-INF\lib\geronimo-servlet_2.5_spec-1.2.jar) - jar not loaded. See Servlet Spec 2.3, section 9.7.2. Offending class: javax/servlet/Servlet.class
Apr 15, 2011 1:10:49 PM org.apache.catalina.core.StandardContext start
SEVERE: Error listenerStart
Apr 15, 2011 1:10:49 PM org.apache.catalina.core.StandardContext start
SEVERE: Context [/eBizCard] startup failed due to previous errors
Apr 15, 2011 1:10:49 PM org.apache.catalina.loader.WebappClassLoader clearReferencesJdbc
SEVERE: The web application [/eBizCard] registered the JDBC driver [com.mysql.jdbc.Driver] but failed to unregister it when the web application was stopped. To prevent a memory leak, the JDBC Driver has been forcibly unregistered.
Apr 15, 2011 1:10:49 PM org.apache.catalina.loader.WebappClassLoader clearReferencesJdbc
SEVERE: The web application [/eBizCard] registered the JDBC driver [oracle.jdbc.OracleDriver] but failed to unregister it when the web application was stopped. To prevent a memory leak, the JDBC Driver has been forcibly unregistered.
Apr 15, 2011 1:10:49 PM org.apache.catalina.loader.WebappClassLoader clearThreadLocalMap
SEVERE: The web application [/eBizCard] created a ThreadLocal with key of type [java.lang.ThreadLocal] (value [java.lang.ThreadLocal@a9a32c]) and a value of type [org.apache.cxf.bus.CXFBusImpl] (value [org.apache.cxf.bus.CXFBusImpl@1e090ee]) but failed to remove it when the web application was stopped. This is very likely to create a memory leak.
Apr 15, 2011 1:10:49 PM org.apache.catalina.startup.HostConfig deployDirectory
INFO: Deploying web application directory examples
Apr 15, 2011 1:10:49 PM org.apache.catalina.startup.HostConfig deployDirectory
INFO: Deploying web application directory ROOT
Apr 15, 2011 1:10:49 PM org.apache.coyote.http11.Http11AprProtocol start
INFO: Starting Coyote HTTP/1.1 on http-22080
Apr 15, 2011 1:10:49 PM org.apache.coyote.ajp.AjpAprProtocol start
INFO: Starting Coyote AJP/1.3 on ajp-8009
Apr 15, 2011 1:10:49 PM org.apache.catalina.startup.Catalina start
INFO: Server startup in 2918 ms
Apr 15, 2011 1:20:34 PM org.apache.coyote.http11.Http11AprProtocol pause
INFO: Pausing Coyote HTTP/1.1 on http-22080
Apr 15, 2011 1:20:34 PM org.apache.coyote.ajp.AjpAprProtocol pause
INFO: Pausing Coyote AJP/1.3 on ajp-8009
Apr 15, 2011 1:20:35 PM org.apache.catalina.core.StandardService stop
INFO: Stopping service Catalina
Apr 15, 2011 1:20:35 PM org.apache.coyote.http11.Http11AprProtocol destroy
INFO: Stopping Coyote HTTP/1.1 on http-22080
Apr 15, 2011 1:20:35 PM org.apache.coyote.ajp.AjpAprProtocol destroy
INFO: Stopping Coyote AJP/1.3 on ajp-8009
Apr 15, 2011 1:23:19 PM org.apache.catalina.core.AprLifecycleListener init
INFO: Loaded APR based Apache Tomcat Native library 1.1.20.
Apr 15, 2011 1:23:19 PM org.apache.catalina.core.AprLifecycleListener init
INFO: APR capabilities: IPv6 [true], sendfile [true], accept filters [false], random [true].
Apr 15, 2011 1:23:19 PM org.apache.coyote.http11.Http11AprProtocol init
INFO: Initializing Coyote HTTP/1.1 on http-22080
Apr 15, 2011 1:23:19 PM org.apache.coyote.ajp.AjpAprProtocol init
INFO: Initializing Coyote AJP/1.3 on ajp-8009
Apr 15, 2011 1:23:19 PM org.apache.catalina.startup.Catalina load
INFO: Initialization processed in 447 ms
Apr 15, 2011 1:23:19 PM org.apache.catalina.core.StandardService start
INFO: Starting service Catalina
Apr 15, 2011 1:23:19 PM org.apache.catalina.core.StandardEngine start
INFO: Starting Servlet Engine: Apache Tomcat/6.0.32
Apr 15, 2011 1:23:19 PM org.apache.catalina.startup.HostConfig deployDescriptor
INFO: Deploying configuration descriptor host-manager.xml
Apr 15, 2011 1:23:19 PM org.apache.catalina.startup.HostConfig deployDescriptor
INFO: Deploying configuration descriptor manager.xml
Apr 15, 2011 1:23:19 PM org.apache.catalina.startup.HostConfig deployDirectory
INFO: Deploying web application directory docs
Apr 15, 2011 1:23:20 PM org.apache.catalina.startup.HostConfig deployDirectory
INFO: Deploying web application directory eBizCard
Apr 15, 2011 1:23:20 PM org.apache.catalina.loader.WebappClassLoader validateJarFile
INFO: validateJarFile(C:\Documents and Settings\kwang108\apache-tomcat-6.0.32\webapps\eBizCard\WEB-INF\lib\geronimo-servlet_2.5_spec-1.2.jar) - jar not loaded. See Servlet Spec 2.3, section 9.7.2. Offending class: javax/servlet/Servlet.class
Apr 15, 2011 1:23:24 PM org.apache.catalina.startup.HostConfig deployDirectory
INFO: Deploying web application directory examples
Apr 15, 2011 1:23:24 PM org.apache.catalina.startup.HostConfig deployDirectory
INFO: Deploying web application directory ROOT
Apr 15, 2011 1:23:24 PM org.apache.coyote.http11.Http11AprProtocol start
INFO: Starting Coyote HTTP/1.1 on http-22080
Apr 15, 2011 1:23:24 PM org.apache.coyote.ajp.AjpAprProtocol start
INFO: Starting Coyote AJP/1.3 on ajp-8009
Apr 15, 2011 1:23:24 PM org.apache.catalina.startup.Catalina start
INFO: Server startup in 4000 ms
Apr 15, 2011 1:28:03 PM org.apache.coyote.http11.Http11AprProtocol pause
INFO: Pausing Coyote HTTP/1.1 on http-22080
Apr 15, 2011 1:28:03 PM org.apache.coyote.ajp.AjpAprProtocol pause
INFO: Pausing Coyote AJP/1.3 on ajp-8009
Apr 15, 2011 1:28:04 PM org.apache.catalina.core.StandardService stop
INFO: Stopping service Catalina
Apr 15, 2011 1:28:05 PM org.apache.catalina.loader.WebappClassLoader clearReferencesJdbc
SEVERE: The web application [/eBizCard] registered the JDBC driver [oracle.jdbc.OracleDriver] but failed to unregister it when the web application was stopped. To prevent a memory leak, the JDBC Driver has been forcibly unregistered.
Apr 15, 2011 1:28:05 PM org.apache.catalina.loader.WebappClassLoader clearReferencesJdbc
SEVERE: The web application [/eBizCard] registered the JDBC driver [com.mysql.jdbc.Driver] but failed to unregister it when the web application was stopped. To prevent a memory leak, the JDBC Driver has been forcibly unregistered.
Apr 15, 2011 1:28:05 PM org.apache.catalina.loader.WebappClassLoader clearReferencesThreads
SEVERE: The web application [/eBizCard] appears to have started a thread named [Timer-0] but has failed to stop it. This is very likely to create a memory leak.
Apr 15, 2011 1:28:05 PM org.apache.catalina.loader.WebappClassLoader clearReferencesThreads
SEVERE: The web application [/eBizCard] appears to have started a thread named [MySQL Statement Cancellation Timer] but has failed to stop it. This is very likely to create a memory leak.
Apr 15, 2011 1:28:05 PM org.apache.catalina.loader.WebappClassLoader clearThreadLocalMap
SEVERE: The web application [/eBizCard] created a ThreadLocal with key of type [java.lang.ThreadLocal] (value [java.lang.ThreadLocal@7023f]) and a value of type [org.apache.cxf.bus.CXFBusImpl] (value [org.apache.cxf.bus.CXFBusImpl@423606]) but failed to remove it when the web application was stopped. This is very likely to create a memory leak.
Apr 15, 2011 1:28:05 PM org.apache.coyote.http11.Http11AprProtocol destroy
INFO: Stopping Coyote HTTP/1.1 on http-22080
Apr 15, 2011 1:28:05 PM org.apache.coyote.ajp.AjpAprProtocol destroy
INFO: Stopping Coyote AJP/1.3 on ajp-8009
Apr 15, 2011 1:31:26 PM org.apache.catalina.core.AprLifecycleListener init
INFO: Loaded APR based Apache Tomcat Native library 1.1.20.
Apr 15, 2011 1:31:26 PM org.apache.catalina.core.AprLifecycleListener init
INFO: APR capabilities: IPv6 [true], sendfile [true], accept filters [false], random [true].
Apr 15, 2011 1:31:27 PM org.apache.coyote.http11.Http11AprProtocol init
INFO: Initializing Coyote HTTP/1.1 on http-22080
Apr 15, 2011 1:31:27 PM org.apache.coyote.ajp.AjpAprProtocol init
INFO: Initializing Coyote AJP/1.3 on ajp-8009
Apr 15, 2011 1:31:27 PM org.apache.catalina.startup.Catalina load
INFO: Initialization processed in 494 ms
Apr 15, 2011 1:31:27 PM org.apache.catalina.core.StandardService start
INFO: Starting service Catalina
Apr 15, 2011 1:31:27 PM org.apache.catalina.core.StandardEngine start
INFO: Starting Servlet Engine: Apache Tomcat/6.0.32
Apr 15, 2011 1:31:27 PM org.apache.catalina.startup.HostConfig deployDescriptor
INFO: Deploying configuration descriptor host-manager.xml
Apr 15, 2011 1:31:27 PM org.apache.catalina.startup.HostConfig deployDescriptor
INFO: Deploying configuration descriptor manager.xml
Apr 15, 2011 1:31:27 PM org.apache.catalina.startup.HostConfig deployDirectory
INFO: Deploying web application directory docs
Apr 15, 2011 1:31:27 PM org.apache.catalina.startup.HostConfig deployDirectory
INFO: Deploying web application directory eBizCard
Apr 15, 2011 1:31:27 PM org.apache.catalina.loader.WebappClassLoader validateJarFile
INFO: validateJarFile(C:\Documents and Settings\kwang108\apache-tomcat-6.0.32\webapps\eBizCard\WEB-INF\lib\geronimo-servlet_2.5_spec-1.2.jar) - jar not loaded. See Servlet Spec 2.3, section 9.7.2. Offending class: javax/servlet/Servlet.class
Apr 15, 2011 1:31:31 PM org.apache.catalina.startup.HostConfig deployDirectory
INFO: Deploying web application directory examples
Apr 15, 2011 1:31:31 PM org.apache.catalina.startup.HostConfig deployDirectory
INFO: Deploying web application directory ROOT
Apr 15, 2011 1:31:31 PM org.apache.coyote.http11.Http11AprProtocol start
INFO: Starting Coyote HTTP/1.1 on http-22080
Apr 15, 2011 1:31:31 PM org.apache.coyote.ajp.AjpAprProtocol start
INFO: Starting Coyote AJP/1.3 on ajp-8009
Apr 15, 2011 1:31:31 PM org.apache.catalina.startup.Catalina start
INFO: Server startup in 3881 ms
Apr 15, 2011 1:53:18 PM org.apache.coyote.http11.Http11AprProtocol pause
INFO: Pausing Coyote HTTP/1.1 on http-22080
Apr 15, 2011 1:53:18 PM org.apache.coyote.ajp.AjpAprProtocol pause
INFO: Pausing Coyote AJP/1.3 on ajp-8009
Apr 15, 2011 1:53:19 PM org.apache.catalina.core.StandardService stop
INFO: Stopping service Catalina
Apr 15, 2011 1:53:19 PM org.apache.catalina.loader.WebappClassLoader clearReferencesJdbc
SEVERE: The web application [/eBizCard] registered the JDBC driver [oracle.jdbc.OracleDriver] but failed to unregister it when the web application was stopped. To prevent a memory leak, the JDBC Driver has been forcibly unregistered.
Apr 15, 2011 1:53:19 PM org.apache.catalina.loader.WebappClassLoader clearReferencesJdbc
SEVERE: The web application [/eBizCard] registered the JDBC driver [com.mysql.jdbc.Driver] but failed to unregister it when the web application was stopped. To prevent a memory leak, the JDBC Driver has been forcibly unregistered.
Apr 15, 2011 1:53:19 PM org.apache.catalina.loader.WebappClassLoader clearReferencesThreads
SEVERE: The web application [/eBizCard] appears to have started a thread named [Timer-0] but has failed to stop it. This is very likely to create a memory leak.
Apr 15, 2011 1:53:19 PM org.apache.catalina.loader.WebappClassLoader clearReferencesThreads
SEVERE: The web application [/eBizCard] appears to have started a thread named [MySQL Statement Cancellation Timer] but has failed to stop it. This is very likely to create a memory leak.
Apr 15, 2011 1:53:19 PM org.apache.catalina.loader.WebappClassLoader clearThreadLocalMap
SEVERE: The web application [/eBizCard] created a ThreadLocal with key of type [java.lang.ThreadLocal] (value [java.lang.ThreadLocal@1346812]) and a value of type [org.apache.cxf.bus.CXFBusImpl] (value [org.apache.cxf.bus.CXFBusImpl@7b37df]) but failed to remove it when the web application was stopped. This is very likely to create a memory leak.
Apr 15, 2011 1:53:19 PM org.apache.catalina.loader.WebappClassLoader clearThreadLocalMap
SEVERE: The web application [/eBizCard] created a ThreadLocal with key of type [com.sun.xml.bind.v2.runtime.Coordinator$1] (value [com.sun.xml.bind.v2.runtime.Coordinator$1@1542cdc]) and a value of type [java.lang.Object[]] (value [[Ljava.lang.Object;@14d4313]) but failed to remove it when the web application was stopped. This is very likely to create a memory leak.
Apr 15, 2011 1:53:20 PM org.apache.catalina.loader.WebappClassLoader clearThreadLocalMap
SEVERE: The web application [/eBizCard] created a ThreadLocal with key of type [com.sun.xml.bind.v2.ClassFactory$1] (value [com.sun.xml.bind.v2.ClassFactory$1@16ea15f]) and a value of type [java.util.WeakHashMap] (value [{class com.ebizcard.ws.app.FolderCreateType=java.lang.ref.WeakReference@247418, class com.ebizcard.ws.app.CommonInputType=java.lang.ref.WeakReference@141e00a}]) but failed to remove it when the web application was stopped. This is very likely to create a memory leak.
Apr 15, 2011 1:53:20 PM org.apache.catalina.loader.WebappClassLoader clearThreadLocalMap
SEVERE: The web application [/eBizCard] created a ThreadLocal with key of type [null] (value [null]) and a value of type [com.sun.xml.bind.v2.runtime.property.SingleElementLeafProperty] (value [com.sun.xml.bind.v2.runtime.property.SingleElementLeafProperty@1dbb12b]) but failed to remove it when the web application was stopped. This is very likely to create a memory leak.
Apr 15, 2011 1:53:20 PM org.apache.coyote.http11.Http11AprProtocol destroy
INFO: Stopping Coyote HTTP/1.1 on http-22080
Apr 15, 2011 1:53:20 PM org.apache.coyote.ajp.AjpAprProtocol destroy
INFO: Stopping Coyote AJP/1.3 on ajp-8009
Apr 15, 2011 1:55:35 PM org.apache.catalina.core.AprLifecycleListener init
INFO: Loaded APR based Apache Tomcat Native library 1.1.20.
Apr 15, 2011 1:55:35 PM org.apache.catalina.core.AprLifecycleListener init
INFO: APR capabilities: IPv6 [true], sendfile [true], accept filters [false], random [true].
Apr 15, 2011 1:55:35 PM org.apache.coyote.http11.Http11AprProtocol init
INFO: Initializing Coyote HTTP/1.1 on http-22080
Apr 15, 2011 1:55:35 PM org.apache.coyote.ajp.AjpAprProtocol init
INFO: Initializing Coyote AJP/1.3 on ajp-8009
Apr 15, 2011 1:55:35 PM org.apache.catalina.startup.Catalina load
INFO: Initialization processed in 465 ms
Apr 15, 2011 1:55:35 PM org.apache.catalina.core.StandardService start
INFO: Starting service Catalina
Apr 15, 2011 1:55:35 PM org.apache.catalina.core.StandardEngine start
INFO: Starting Servlet Engine: Apache Tomcat/6.0.32
Apr 15, 2011 1:55:35 PM org.apache.catalina.startup.HostConfig deployDescriptor
INFO: Deploying configuration descriptor host-manager.xml
Apr 15, 2011 1:55:35 PM org.apache.catalina.startup.HostConfig deployDescriptor
INFO: Deploying configuration descriptor manager.xml
Apr 15, 2011 1:55:35 PM org.apache.catalina.startup.HostConfig deployDirectory
INFO: Deploying web application directory docs
Apr 15, 2011 1:55:35 PM org.apache.catalina.startup.HostConfig deployDirectory
INFO: Deploying web application directory eBizCard
Apr 15, 2011 1:55:35 PM org.apache.catalina.loader.WebappClassLoader validateJarFile
INFO: validateJarFile(C:\Documents and Settings\kwang108\apache-tomcat-6.0.32\webapps\eBizCard\WEB-INF\lib\geronimo-servlet_2.5_spec-1.2.jar) - jar not loaded. See Servlet Spec 2.3, section 9.7.2. Offending class: javax/servlet/Servlet.class
Apr 15, 2011 1:55:39 PM org.apache.catalina.startup.HostConfig deployDirectory
INFO: Deploying web application directory examples
Apr 15, 2011 1:55:39 PM org.apache.catalina.startup.HostConfig deployDirectory
INFO: Deploying web application directory ROOT
Apr 15, 2011 1:55:39 PM org.apache.coyote.http11.Http11AprProtocol start
INFO: Starting Coyote HTTP/1.1 on http-22080
Apr 15, 2011 1:55:39 PM org.apache.coyote.ajp.AjpAprProtocol start
INFO: Starting Coyote AJP/1.3 on ajp-8009
Apr 15, 2011 1:55:39 PM org.apache.catalina.startup.Catalina start
INFO: Server startup in 3824 ms
Apr 15, 2011 2:08:18 PM org.apache.coyote.http11.Http11AprProtocol pause
INFO: Pausing Coyote HTTP/1.1 on http-22080
Apr 15, 2011 2:08:18 PM org.apache.coyote.ajp.AjpAprProtocol pause
INFO: Pausing Coyote AJP/1.3 on ajp-8009
Apr 15, 2011 2:08:19 PM org.apache.catalina.core.StandardService stop
INFO: Stopping service Catalina
Apr 15, 2011 2:08:19 PM org.apache.catalina.loader.WebappClassLoader clearReferencesJdbc
SEVERE: The web application [/eBizCard] registered the JDBC driver [oracle.jdbc.OracleDriver] but failed to unregister it when the web application was stopped. To prevent a memory leak, the JDBC Driver has been forcibly unregistered.
Apr 15, 2011 2:08:19 PM org.apache.catalina.loader.WebappClassLoader clearReferencesJdbc
SEVERE: The web application [/eBizCard] registered the JDBC driver [com.mysql.jdbc.Driver] but failed to unregister it when the web application was stopped. To prevent a memory leak, the JDBC Driver has been forcibly unregistered.
Apr 15, 2011 2:08:19 PM org.apache.catalina.loader.WebappClassLoader clearReferencesThreads
SEVERE: The web application [/eBizCard] appears to have started a thread named [Timer-0] but has failed to stop it. This is very likely to create a memory leak.
Apr 15, 2011 2:08:19 PM org.apache.catalina.loader.WebappClassLoader clearReferencesThreads
SEVERE: The web application [/eBizCard] appears to have started a thread named [MySQL Statement Cancellation Timer] but has failed to stop it. This is very likely to create a memory leak.
Apr 15, 2011 2:08:19 PM org.apache.catalina.loader.WebappClassLoader clearThreadLocalMap
SEVERE: The web application [/eBizCard] created a ThreadLocal with key of type [java.lang.ThreadLocal] (value [java.lang.ThreadLocal@7c0d41]) and a value of type [org.apache.cxf.bus.CXFBusImpl] (value [org.apache.cxf.bus.CXFBusImpl@15837e8]) but failed to remove it when the web application was stopped. This is very likely to create a memory leak.
Apr 15, 2011 2:08:19 PM org.apache.coyote.http11.Http11AprProtocol destroy
INFO: Stopping Coyote HTTP/1.1 on http-22080
Apr 15, 2011 2:08:19 PM org.apache.coyote.ajp.AjpAprProtocol destroy
INFO: Stopping Coyote AJP/1.3 on ajp-8009
